<?xml version="1.0" encoding="UTF-8"?>
<!-- Generated by org.testng.reporters.JUnitReportReporter -->
<testsuite hostname="pc1" name="com.BookMyShow.BookMyShowAutomation" tests="1" failures="0" timestamp="7 Apr 2017 10:45:15 GMT" time="3.953" errors="0">
  <testcase name="SignIn" time="3.953" classname="com.BookMyShow.BookMyShowAutomation"/>
</testsuite> <!-- com.BookMyShow.BookMyShowAutomation -->
